2018-03-12 16:53:24.833  INFO 12424 --- [main] com.uniovi.RedSocialSdiApplication       : Starting RedSocialSdiApplication on DESKTOP-3MTQ74D with PID 12424 (C:\Users\gemma\Desktop\RedSocialSDI\RedSocialSDI\target\classes started by gemma in C:\Users\gemma\Desktop\RedSocialSDI\RedSocialSDI)
2018-03-12 16:53:24.835  INFO 12424 --- [main] com.uniovi.RedSocialSdiApplication       : No active profile set, falling back to default profiles: default
2018-03-12 16:53:25.008  INFO 12424 --- [main] ationConfigEmbeddedWebApplicationContext : Refreshing org.springframework.boot.context.embedded.AnnotationConfigEmbeddedWebApplicationContext@16aa0a0a: startup date [Mon Mar 12 16:53:25 CET 2018]; root of context hierarchy
2018-03-12 16:53:25.807  INFO 12424 --- [main] trationDelegate$BeanPostProcessorChecker : Bean 'org.springframework.transaction.annotation.ProxyTransactionManagementConfiguration' of type [org.springframework.transaction.annotation.ProxyTransactionManagementConfiguration$$EnhancerBySpringCGLIB$$8d52652d] is not eligible for getting processed by all BeanPostProcessors (for example: not eligible for auto-proxying)
2018-03-12 16:53:26.109  INFO 12424 --- [main] s.b.c.e.t.TomcatEmbeddedServletContainer : Tomcat initialized with port(s): 8090 (http)
2018-03-12 16:53:26.118  INFO 12424 --- [main] o.apache.catalina.core.StandardService   : Starting service [Tomcat]
2018-03-12 16:53:26.119  INFO 12424 --- [main] org.apache.catalina.core.StandardEngine  : Starting Servlet Engine: Apache Tomcat/8.5.27
2018-03-12 16:53:26.215  INFO 12424 --- [localhost-startStop-1] o.a.c.c.C.[Tomcat].[localhost].[/]       : Initializing Spring embedded WebApplicationContext
2018-03-12 16:53:26.216  INFO 12424 --- [localhost-startStop-1] o.s.web.context.ContextLoader            : Root WebApplicationContext: initialization completed in 1210 ms
2018-03-12 16:53:26.363  INFO 12424 --- [localhost-startStop-1] o.s.b.w.servlet.FilterRegistrationBean   : Mapping filter: 'characterEncodingFilter' to: [/*]
2018-03-12 16:53:26.364  INFO 12424 --- [localhost-startStop-1] o.s.b.w.servlet.FilterRegistrationBean   : Mapping filter: 'hiddenHttpMethodFilter' to: [/*]
2018-03-12 16:53:26.364  INFO 12424 --- [localhost-startStop-1] o.s.b.w.servlet.FilterRegistrationBean   : Mapping filter: 'httpPutFormContentFilter' to: [/*]
2018-03-12 16:53:26.364  INFO 12424 --- [localhost-startStop-1] o.s.b.w.servlet.FilterRegistrationBean   : Mapping filter: 'requestContextFilter' to: [/*]
2018-03-12 16:53:26.365  INFO 12424 --- [localhost-startStop-1] .s.DelegatingFilterProxyRegistrationBean : Mapping filter: 'springSecurityFilterChain' to: [/*]
2018-03-12 16:53:26.365  INFO 12424 --- [localhost-startStop-1] o.s.b.w.servlet.ServletRegistrationBean  : Mapping servlet: 'dispatcherServlet' to [/]
2018-03-12 16:53:27.677  INFO 12424 --- [main] j.LocalContainerEntityManagerFactoryBean : Building JPA container EntityManagerFactory for persistence unit 'default'
2018-03-12 16:53:27.689  INFO 12424 --- [main] o.hibernate.jpa.internal.util.LogHelper  : HHH000204: Processing PersistenceUnitInfo [
	name: default
	...]
2018-03-12 16:53:27.738  INFO 12424 --- [main] org.hibernate.Version                    : HHH000412: Hibernate Core {5.0.12.Final}
2018-03-12 16:53:27.739  INFO 12424 --- [main] org.hibernate.cfg.Environment            : HHH000206: hibernate.properties not found
2018-03-12 16:53:27.740  INFO 12424 --- [main] org.hibernate.cfg.Environment            : HHH000021: Bytecode provider name : javassist
2018-03-12 16:53:27.772  INFO 12424 --- [main] o.hibernate.annotations.common.Version   : HCANN000001: Hibernate Commons Annotations {5.0.1.Final}
2018-03-12 16:53:27.864  INFO 12424 --- [main] org.hibernate.dialect.Dialect            : HHH000400: Using dialect: org.hibernate.dialect.HSQLDialect
2018-03-12 16:53:28.334  INFO 12424 --- [main] org.hibernate.tool.hbm2ddl.SchemaExport  : HHH000227: Running hbm2ddl schema export
2018-03-12 16:53:28.350  INFO 12424 --- [main] org.hibernate.tool.hbm2ddl.SchemaExport  : HHH000230: Schema export complete
2018-03-12 16:53:28.372  INFO 12424 --- [main] j.LocalContainerEntityManagerFactoryBean : Initialized JPA EntityManagerFactory for persistence unit 'default'
2018-03-12 16:53:28.532  INFO 12424 --- [main] o.h.h.i.QueryTranslatorFactoryInitiator  : HHH000397: Using ASTQueryTranslatorFactory
2018-03-12 16:53:31.284  INFO 12424 --- [main] o.s.s.web.DefaultSecurityFilterChain     : Creating filter chain: org.springframework.security.web.util.matcher.AnyRequestMatcher@1, [org.springframework.security.web.context.request.async.WebAsyncManagerIntegrationFilter@2fdf22f7, org.springframework.security.web.context.SecurityContextPersistenceFilter@6c5ca0b6, org.springframework.security.web.header.HeaderWriterFilter@10a907ec, org.springframework.security.web.authentication.logout.LogoutFilter@7caf1e5, org.springframework.security.web.authentication.UsernamePasswordAuthenticationFilter@6c8f4bc7, org.springframework.security.web.savedrequest.RequestCacheAwareFilter@1a88c4f5, org.springframework.security.web.servletapi.SecurityContextHolderAwareRequestFilter@35e74e08, org.springframework.security.web.authentication.AnonymousAuthenticationFilter@3a2546d6, org.springframework.security.web.session.SessionManagementFilter@55c1ced9, org.springframework.security.web.access.ExceptionTranslationFilter@642c6461, org.springframework.security.web.access.intercept.FilterSecurityInterceptor@7c4b5ceb]
2018-03-12 16:53:31.577  INFO 12424 --- [main] s.w.s.m.m.a.RequestMappingHandlerAdapter : Looking for @ControllerAdvice: org.springframework.boot.context.embedded.AnnotationConfigEmbeddedWebApplicationContext@16aa0a0a: startup date [Mon Mar 12 16:53:25 CET 2018]; root of context hierarchy
2018-03-12 16:53:31.656  INFO 12424 --- [main] s.w.s.m.m.a.RequestMappingHandlerMapping : Mapped "{[/friendship/listFriendship]}" onto public java.lang.String com.uniovi.controllers.FriendshipController.getListado(org.springframework.ui.Model,org.springframework.data.domain.Pageable,java.security.Principal)
2018-03-12 16:53:31.658  INFO 12424 --- [main] s.w.s.m.m.a.RequestMappingHandlerMapping : Mapped "{[/friendshipRequest/listRequest]}" onto public java.lang.String com.uniovi.controllers.FriendshipRequestController.getListado(org.springframework.ui.Model,org.springframework.data.domain.Pageable,java.security.Principal)
2018-03-12 16:53:31.658  INFO 12424 --- [main] s.w.s.m.m.a.RequestMappingHandlerMapping : Mapped "{[/friendshipRequest/add/{id}]}" onto public java.lang.String com.uniovi.controllers.FriendshipRequestController.getFriendshipRequest(java.lang.Long,java.security.Principal)
2018-03-12 16:53:31.659  INFO 12424 --- [main] s.w.s.m.m.a.RequestMappingHandlerMapping : Mapped "{[/friendshipRequest/accept/{id}]}" onto public java.lang.String com.uniovi.controllers.FriendshipRequestController.acceptFriendshipRequest(java.lang.Long,java.security.Principal)
2018-03-12 16:53:31.659  INFO 12424 --- [main] s.w.s.m.m.a.RequestMappingHandlerMapping : Mapped "{[/]}" onto public java.lang.String com.uniovi.controllers.HomeController.index()
2018-03-12 16:53:31.660  INFO 12424 --- [main] s.w.s.m.m.a.RequestMappingHandlerMapping : Mapped "{[/publication/add],methods=[POST]}" onto public java.lang.String com.uniovi.controllers.PublicationController.setPublication(com.uniovi.entities.Publication,java.security.Principal)
2018-03-12 16:53:31.661  INFO 12424 --- [main] s.w.s.m.m.a.RequestMappingHandlerMapping : Mapped "{[/publication/add]}" onto public java.lang.String com.uniovi.controllers.PublicationController.getPublication(org.springframework.ui.Model)
2018-03-12 16:53:31.661  INFO 12424 --- [main] s.w.s.m.m.a.RequestMappingHandlerMapping : Mapped "{[/publication/listPosts]}" onto public java.lang.String com.uniovi.controllers.PublicationController.getListado(org.springframework.ui.Model,java.security.Principal)
2018-03-12 16:53:31.662  INFO 12424 --- [main] s.w.s.m.m.a.RequestMappingHandlerMapping : Mapped "{[/publication/details/{id}]}" onto public java.lang.String com.uniovi.controllers.PublicationController.getDetail(org.springframework.ui.Model,java.lang.Long)
2018-03-12 16:53:31.663  INFO 12424 --- [main] s.w.s.m.m.a.RequestMappingHandlerMapping : Mapped "{[/home],methods=[GET]}" onto public java.lang.String com.uniovi.controllers.UsersController.home(org.springframework.ui.Model,org.springframework.data.domain.Pageable)
2018-03-12 16:53:31.663  INFO 12424 --- [main] s.w.s.m.m.a.RequestMappingHandlerMapping : Mapped "{[/user/listUsuarios]}" onto public java.lang.String com.uniovi.controllers.UsersController.getListado(org.springframework.ui.Model,java.lang.String,org.springframework.data.domain.Pageable,java.security.Principal)
2018-03-12 16:53:31.664  INFO 12424 --- [main] s.w.s.m.m.a.RequestMappingHandlerMapping : Mapped "{[/login],methods=[GET]}" onto public java.lang.String com.uniovi.controllers.UsersController.login(org.springframework.ui.Model)
2018-03-12 16:53:31.664  INFO 12424 --- [main] s.w.s.m.m.a.RequestMappingHandlerMapping : Mapped "{[/signup],methods=[POST]}" onto public java.lang.String com.uniovi.controllers.UsersController.signup(com.uniovi.entities.User,org.springframework.validation.BindingResult,org.springframework.ui.Model)
2018-03-12 16:53:31.665  INFO 12424 --- [main] s.w.s.m.m.a.RequestMappingHandlerMapping : Mapped "{[/signup],methods=[GET]}" onto public java.lang.String com.uniovi.controllers.UsersController.signup(org.springframework.ui.Model)
2018-03-12 16:53:31.671  INFO 12424 --- [main] s.w.s.m.m.a.RequestMappingHandlerMapping : Mapped "{[/error]}" onto public org.springframework.http.ResponseEntity<java.util.Map<java.lang.String, java.lang.Object>> org.springframework.boot.autoconfigure.web.BasicErrorController.error(javax.servlet.http.HttpServletRequest)
2018-03-12 16:53:31.671  INFO 12424 --- [main] s.w.s.m.m.a.RequestMappingHandlerMapping : Mapped "{[/error],produces=[text/html]}" onto public org.springframework.web.servlet.ModelAndView org.springframework.boot.autoconfigure.web.BasicErrorController.errorHtml(javax.servlet.http.HttpServletRequest,javax.servlet.http.HttpServletResponse)
2018-03-12 16:53:31.703  INFO 12424 --- [main] o.s.w.s.handler.SimpleUrlHandlerMapping  : Mapped URL path [/webjars/**] onto handler of type [class org.springframework.web.servlet.resource.ResourceHttpRequestHandler]
2018-03-12 16:53:31.703  INFO 12424 --- [main] o.s.w.s.handler.SimpleUrlHandlerMapping  : Mapped URL path [/**] onto handler of type [class org.springframework.web.servlet.resource.ResourceHttpRequestHandler]
2018-03-12 16:53:31.732  INFO 12424 --- [main] o.s.w.s.handler.SimpleUrlHandlerMapping  : Mapped URL path [/**/favicon.ico] onto handler of type [class org.springframework.web.servlet.resource.ResourceHttpRequestHandler]
2018-03-12 16:53:32.200  INFO 12424 --- [main] o.s.j.e.a.AnnotationMBeanExporter        : Registering beans for JMX exposure on startup
2018-03-12 16:53:32.245  INFO 12424 --- [main] s.b.c.e.t.TomcatEmbeddedServletContainer : Tomcat started on port(s): 8090 (http)
2018-03-12 16:53:32.250  INFO 12424 --- [main] com.uniovi.RedSocialSdiApplication       : Started RedSocialSdiApplication in 7.621 seconds (JVM running for 8.245)
2018-03-12 16:53:38.376  INFO 12424 --- [http-nio-8090-exec-1] o.a.c.c.C.[Tomcat].[localhost].[/]       : Initializing Spring FrameworkServlet 'dispatcherServlet'
2018-03-12 16:53:38.377  INFO 12424 --- [http-nio-8090-exec-1] o.s.web.servlet.DispatcherServlet        : FrameworkServlet 'dispatcherServlet': initialization started
2018-03-12 16:53:38.403  INFO 12424 --- [http-nio-8090-exec-1] o.s.web.servlet.DispatcherServlet        : FrameworkServlet 'dispatcherServlet': initialization completed in 26 ms
2018-03-12 16:53:38.457 ERROR 12424 --- [http-nio-8090-exec-1] com.uniovi.controllers.UsersController   : Se a logeado un usuario
2018-03-12 16:55:15.848  INFO 12424 --- [RMI TCP Connection(2)-127.0.0.1] inMXBeanRegistrar$SpringApplicationAdmin : Application shutdown requested.
2018-03-12 16:55:15.848  INFO 12424 --- [RMI TCP Connection(2)-127.0.0.1] ationConfigEmbeddedWebApplicationContext : Closing org.springframework.boot.context.embedded.AnnotationConfigEmbeddedWebApplicationContext@16aa0a0a: startup date [Mon Mar 12 16:53:25 CET 2018]; root of context hierarchy
2018-03-12 16:55:15.851  INFO 12424 --- [RMI TCP Connection(2)-127.0.0.1] o.s.j.e.a.AnnotationMBeanExporter        : Unregistering JMX-exposed beans on shutdown
2018-03-12 16:55:15.853  INFO 12424 --- [RMI TCP Connection(2)-127.0.0.1] j.LocalContainerEntityManagerFactoryBean : Closing JPA EntityManagerFactory for persistence unit 'default'
2018-03-12 16:55:18.076  INFO 11172 --- [main] com.uniovi.RedSocialSdiApplication       : Starting RedSocialSdiApplication on DESKTOP-3MTQ74D with PID 11172 (C:\Users\gemma\Desktop\RedSocialSDI\RedSocialSDI\target\classes started by gemma in C:\Users\gemma\Desktop\RedSocialSDI\RedSocialSDI)
2018-03-12 16:55:18.079  INFO 11172 --- [main] com.uniovi.RedSocialSdiApplication       : No active profile set, falling back to default profiles: default
2018-03-12 16:55:18.240  INFO 11172 --- [main] ationConfigEmbeddedWebApplicationContext : Refreshing org.springframework.boot.context.embedded.AnnotationConfigEmbeddedWebApplicationContext@16aa0a0a: startup date [Mon Mar 12 16:55:18 CET 2018]; root of context hierarchy
2018-03-12 16:55:19.055  INFO 11172 --- [main] trationDelegate$BeanPostProcessorChecker : Bean 'org.springframework.transaction.annotation.ProxyTransactionManagementConfiguration' of type [org.springframework.transaction.annotation.ProxyTransactionManagementConfiguration$$EnhancerBySpringCGLIB$$8d52652d] is not eligible for getting processed by all BeanPostProcessors (for example: not eligible for auto-proxying)
2018-03-12 16:55:19.357  INFO 11172 --- [main] s.b.c.e.t.TomcatEmbeddedServletContainer : Tomcat initialized with port(s): 8090 (http)
2018-03-12 16:55:19.365  INFO 11172 --- [main] o.apache.catalina.core.StandardService   : Starting service [Tomcat]
2018-03-12 16:55:19.366  INFO 11172 --- [main] org.apache.catalina.core.StandardEngine  : Starting Servlet Engine: Apache Tomcat/8.5.27
2018-03-12 16:55:19.466  INFO 11172 --- [localhost-startStop-1] o.a.c.c.C.[Tomcat].[localhost].[/]       : Initializing Spring embedded WebApplicationContext
2018-03-12 16:55:19.467  INFO 11172 --- [localhost-startStop-1] o.s.web.context.ContextLoader            : Root WebApplicationContext: initialization completed in 1229 ms
2018-03-12 16:55:19.610  INFO 11172 --- [localhost-startStop-1] o.s.b.w.servlet.FilterRegistrationBean   : Mapping filter: 'characterEncodingFilter' to: [/*]
2018-03-12 16:55:19.611  INFO 11172 --- [localhost-startStop-1] o.s.b.w.servlet.FilterRegistrationBean   : Mapping filter: 'hiddenHttpMethodFilter' to: [/*]
2018-03-12 16:55:19.611  INFO 11172 --- [localhost-startStop-1] o.s.b.w.servlet.FilterRegistrationBean   : Mapping filter: 'httpPutFormContentFilter' to: [/*]
2018-03-12 16:55:19.611  INFO 11172 --- [localhost-startStop-1] o.s.b.w.servlet.FilterRegistrationBean   : Mapping filter: 'requestContextFilter' to: [/*]
2018-03-12 16:55:19.612  INFO 11172 --- [localhost-startStop-1] .s.DelegatingFilterProxyRegistrationBean : Mapping filter: 'springSecurityFilterChain' to: [/*]
2018-03-12 16:55:19.612  INFO 11172 --- [localhost-startStop-1] o.s.b.w.servlet.ServletRegistrationBean  : Mapping servlet: 'dispatcherServlet' to [/]
2018-03-12 16:55:20.945  INFO 11172 --- [main] j.LocalContainerEntityManagerFactoryBean : Building JPA container EntityManagerFactory for persistence unit 'default'
2018-03-12 16:55:20.955  INFO 11172 --- [main] o.hibernate.jpa.internal.util.LogHelper  : HHH000204: Processing PersistenceUnitInfo [
	name: default
	...]
2018-03-12 16:55:21.006  INFO 11172 --- [main] org.hibernate.Version                    : HHH000412: Hibernate Core {5.0.12.Final}
2018-03-12 16:55:21.007  INFO 11172 --- [main] org.hibernate.cfg.Environment            : HHH000206: hibernate.properties not found
2018-03-12 16:55:21.008  INFO 11172 --- [main] org.hibernate.cfg.Environment            : HHH000021: Bytecode provider name : javassist
2018-03-12 16:55:21.041  INFO 11172 --- [main] o.hibernate.annotations.common.Version   : HCANN000001: Hibernate Commons Annotations {5.0.1.Final}
2018-03-12 16:55:21.137  INFO 11172 --- [main] org.hibernate.dialect.Dialect            : HHH000400: Using dialect: org.hibernate.dialect.HSQLDialect
2018-03-12 16:55:21.616  INFO 11172 --- [main] org.hibernate.tool.hbm2ddl.SchemaExport  : HHH000227: Running hbm2ddl schema export
2018-03-12 16:55:21.632  INFO 11172 --- [main] org.hibernate.tool.hbm2ddl.SchemaExport  : HHH000230: Schema export complete
2018-03-12 16:55:21.656  INFO 11172 --- [main] j.LocalContainerEntityManagerFactoryBean : Initialized JPA EntityManagerFactory for persistence unit 'default'
2018-03-12 16:55:21.817  INFO 11172 --- [main] o.h.h.i.QueryTranslatorFactoryInitiator  : HHH000397: Using ASTQueryTranslatorFactory
2018-03-12 16:55:23.461  INFO 11172 --- [main] o.s.s.web.DefaultSecurityFilterChain     : Creating filter chain: org.springframework.security.web.util.matcher.AnyRequestMatcher@1, [org.springframework.security.web.context.request.async.WebAsyncManagerIntegrationFilter@2fdf22f7, org.springframework.security.web.context.SecurityContextPersistenceFilter@6c5ca0b6, org.springframework.security.web.header.HeaderWriterFilter@10a907ec, org.springframework.security.web.authentication.logout.LogoutFilter@7caf1e5, org.springframework.security.web.authentication.UsernamePasswordAuthenticationFilter@6c8f4bc7, org.springframework.security.web.savedrequest.RequestCacheAwareFilter@1a88c4f5, org.springframework.security.web.servletapi.SecurityContextHolderAwareRequestFilter@35e74e08, org.springframework.security.web.authentication.AnonymousAuthenticationFilter@3a2546d6, org.springframework.security.web.session.SessionManagementFilter@55c1ced9, org.springframework.security.web.access.ExceptionTranslationFilter@642c6461, org.springframework.security.web.access.intercept.FilterSecurityInterceptor@7c4b5ceb]
2018-03-12 16:55:23.654  INFO 11172 --- [main] s.w.s.m.m.a.RequestMappingHandlerAdapter : Looking for @ControllerAdvice: org.springframework.boot.context.embedded.AnnotationConfigEmbeddedWebApplicationContext@16aa0a0a: startup date [Mon Mar 12 16:55:18 CET 2018]; root of context hierarchy
2018-03-12 16:55:23.702  INFO 11172 --- [main] s.w.s.m.m.a.RequestMappingHandlerMapping : Mapped "{[/friendship/listFriendship]}" onto public java.lang.String com.uniovi.controllers.FriendshipController.getListado(org.springframework.ui.Model,org.springframework.data.domain.Pageable,java.security.Principal)
2018-03-12 16:55:23.703  INFO 11172 --- [main] s.w.s.m.m.a.RequestMappingHandlerMapping : Mapped "{[/friendshipRequest/add/{id}]}" onto public java.lang.String com.uniovi.controllers.FriendshipRequestController.getFriendshipRequest(java.lang.Long,java.security.Principal)
2018-03-12 16:55:23.704  INFO 11172 --- [main] s.w.s.m.m.a.RequestMappingHandlerMapping : Mapped "{[/friendshipRequest/accept/{id}]}" onto public java.lang.String com.uniovi.controllers.FriendshipRequestController.acceptFriendshipRequest(java.lang.Long,java.security.Principal)
2018-03-12 16:55:23.704  INFO 11172 --- [main] s.w.s.m.m.a.RequestMappingHandlerMapping : Mapped "{[/friendshipRequest/listRequest]}" onto public java.lang.String com.uniovi.controllers.FriendshipRequestController.getListado(org.springframework.ui.Model,org.springframework.data.domain.Pageable,java.security.Principal)
2018-03-12 16:55:23.704  INFO 11172 --- [main] s.w.s.m.m.a.RequestMappingHandlerMapping : Mapped "{[/]}" onto public java.lang.String com.uniovi.controllers.HomeController.index()
2018-03-12 16:55:23.705  INFO 11172 --- [main] s.w.s.m.m.a.RequestMappingHandlerMapping : Mapped "{[/publication/listPosts]}" onto public java.lang.String com.uniovi.controllers.PublicationController.getListado(org.springframework.ui.Model,java.security.Principal)
2018-03-12 16:55:23.705  INFO 11172 --- [main] s.w.s.m.m.a.RequestMappingHandlerMapping : Mapped "{[/publication/add],methods=[POST]}" onto public java.lang.String com.uniovi.controllers.PublicationController.setPublication(com.uniovi.entities.Publication,java.security.Principal)
2018-03-12 16:55:23.705  INFO 11172 --- [main] s.w.s.m.m.a.RequestMappingHandlerMapping : Mapped "{[/publication/add]}" onto public java.lang.String com.uniovi.controllers.PublicationController.getPublication(org.springframework.ui.Model)
2018-03-12 16:55:23.705  INFO 11172 --- [main] s.w.s.m.m.a.RequestMappingHandlerMapping : Mapped "{[/publication/details/{id}]}" onto public java.lang.String com.uniovi.controllers.PublicationController.getDetail(org.springframework.ui.Model,java.lang.Long)
2018-03-12 16:55:23.706  INFO 11172 --- [main] s.w.s.m.m.a.RequestMappingHandlerMapping : Mapped "{[/home],methods=[GET]}" onto public java.lang.String com.uniovi.controllers.UsersController.home(org.springframework.ui.Model,org.springframework.data.domain.Pageable)
2018-03-12 16:55:23.706  INFO 11172 --- [main] s.w.s.m.m.a.RequestMappingHandlerMapping : Mapped "{[/user/listUsuarios]}" onto public java.lang.String com.uniovi.controllers.UsersController.getListado(org.springframework.ui.Model,java.lang.String,org.springframework.data.domain.Pageable,java.security.Principal)
2018-03-12 16:55:23.706  INFO 11172 --- [main] s.w.s.m.m.a.RequestMappingHandlerMapping : Mapped "{[/login],methods=[GET]}" onto public java.lang.String com.uniovi.controllers.UsersController.login(org.springframework.ui.Model)
2018-03-12 16:55:23.707  INFO 11172 --- [main] s.w.s.m.m.a.RequestMappingHandlerMapping : Mapped "{[/signup],methods=[POST]}" onto public java.lang.String com.uniovi.controllers.UsersController.signup(com.uniovi.entities.User,org.springframework.validation.BindingResult,org.springframework.ui.Model)
2018-03-12 16:55:23.707  INFO 11172 --- [main] s.w.s.m.m.a.RequestMappingHandlerMapping : Mapped "{[/signup],methods=[GET]}" onto public java.lang.String com.uniovi.controllers.UsersController.signup(org.springframework.ui.Model)
2018-03-12 16:55:23.711  INFO 11172 --- [main] s.w.s.m.m.a.RequestMappingHandlerMapping : Mapped "{[/error]}" onto public org.springframework.http.ResponseEntity<java.util.Map<java.lang.String, java.lang.Object>> org.springframework.boot.autoconfigure.web.BasicErrorController.error(javax.servlet.http.HttpServletRequest)
2018-03-12 16:55:23.711  INFO 11172 --- [main] s.w.s.m.m.a.RequestMappingHandlerMapping : Mapped "{[/error],produces=[text/html]}" onto public org.springframework.web.servlet.ModelAndView org.springframework.boot.autoconfigure.web.BasicErrorController.errorHtml(javax.servlet.http.HttpServletRequest,javax.servlet.http.HttpServletResponse)
2018-03-12 16:55:23.735  INFO 11172 --- [main] o.s.w.s.handler.SimpleUrlHandlerMapping  : Mapped URL path [/webjars/**] onto handler of type [class org.springframework.web.servlet.resource.ResourceHttpRequestHandler]
2018-03-12 16:55:23.735  INFO 11172 --- [main] o.s.w.s.handler.SimpleUrlHandlerMapping  : Mapped URL path [/**] onto handler of type [class org.springframework.web.servlet.resource.ResourceHttpRequestHandler]
2018-03-12 16:55:23.764  INFO 11172 --- [main] o.s.w.s.handler.SimpleUrlHandlerMapping  : Mapped URL path [/**/favicon.ico] onto handler of type [class org.springframework.web.servlet.resource.ResourceHttpRequestHandler]
2018-03-12 16:55:24.154  INFO 11172 --- [main] o.s.j.e.a.AnnotationMBeanExporter        : Registering beans for JMX exposure on startup
2018-03-12 16:55:24.196  INFO 11172 --- [main] s.b.c.e.t.TomcatEmbeddedServletContainer : Tomcat started on port(s): 8090 (http)
2018-03-12 16:55:24.200  INFO 11172 --- [main] com.uniovi.RedSocialSdiApplication       : Started RedSocialSdiApplication in 6.316 seconds (JVM running for 6.924)
2018-03-12 16:55:27.460  INFO 11172 --- [http-nio-8090-exec-1] o.a.c.c.C.[Tomcat].[localhost].[/]       : Initializing Spring FrameworkServlet 'dispatcherServlet'
2018-03-12 16:55:27.460  INFO 11172 --- [http-nio-8090-exec-1] o.s.web.servlet.DispatcherServlet        : FrameworkServlet 'dispatcherServlet': initialization started
2018-03-12 16:55:27.476  INFO 11172 --- [http-nio-8090-exec-1] o.s.web.servlet.DispatcherServlet        : FrameworkServlet 'dispatcherServlet': initialization completed in 15 ms
2018-03-12 16:55:27.666  INFO 11172 --- [http-nio-8090-exec-2] com.uniovi.controllers.UsersController   : El usuarioemail1ha consultado la lista de usuarios
2018-03-12 16:56:28.863 ERROR 11172 --- [http-nio-8090-exec-2] com.uniovi.controllers.UsersController   : Registro inválido
2018-03-12 16:56:45.185  INFO 11172 --- [http-nio-8090-exec-8] com.uniovi.controllers.UsersController   : Se a añadido un nuevo usuario: Gemma - ejemplo@eje.com
2018-03-12 16:56:45.363  INFO 11172 --- [http-nio-8090-exec-10] com.uniovi.controllers.UsersController   : El usuarioejemplo@eje.comha consultado la lista de usuarios
2018-03-12 16:57:12.141  INFO 11172 --- [RMI TCP Connection(2)-127.0.0.1] inMXBeanRegistrar$SpringApplicationAdmin : Application shutdown requested.
2018-03-12 16:57:12.142  INFO 11172 --- [RMI TCP Connection(2)-127.0.0.1] ationConfigEmbeddedWebApplicationContext : Closing org.springframework.boot.context.embedded.AnnotationConfigEmbeddedWebApplicationContext@16aa0a0a: startup date [Mon Mar 12 16:55:18 CET 2018]; root of context hierarchy
2018-03-12 16:57:12.146  INFO 11172 --- [RMI TCP Connection(2)-127.0.0.1] o.s.j.e.a.AnnotationMBeanExporter        : Unregistering JMX-exposed beans on shutdown
2018-03-12 16:57:12.149  INFO 11172 --- [RMI TCP Connection(2)-127.0.0.1] j.LocalContainerEntityManagerFactoryBean : Closing JPA EntityManagerFactory for persistence unit 'default'
2018-03-12 16:57:14.790  INFO 1956 --- [main] com.uniovi.RedSocialSdiApplication       : Starting RedSocialSdiApplication on DESKTOP-3MTQ74D with PID 1956 (C:\Users\gemma\Desktop\RedSocialSDI\RedSocialSDI\target\classes started by gemma in C:\Users\gemma\Desktop\RedSocialSDI\RedSocialSDI)
2018-03-12 16:57:14.793  INFO 1956 --- [main] com.uniovi.RedSocialSdiApplication       : No active profile set, falling back to default profiles: default
2018-03-12 16:57:14.963  INFO 1956 --- [main] ationConfigEmbeddedWebApplicationContext : Refreshing org.springframework.boot.context.embedded.AnnotationConfigEmbeddedWebApplicationContext@16aa0a0a: startup date [Mon Mar 12 16:57:14 CET 2018]; root of context hierarchy
2018-03-12 16:57:15.753  INFO 1956 --- [main] trationDelegate$BeanPostProcessorChecker : Bean 'org.springframework.transaction.annotation.ProxyTransactionManagementConfiguration' of type [org.springframework.transaction.annotation.ProxyTransactionManagementConfiguration$$EnhancerBySpringCGLIB$$9ada7e26] is not eligible for getting processed by all BeanPostProcessors (for example: not eligible for auto-proxying)
2018-03-12 16:57:16.063  INFO 1956 --- [main] s.b.c.e.t.TomcatEmbeddedServletContainer : Tomcat initialized with port(s): 8090 (http)
2018-03-12 16:57:16.071  INFO 1956 --- [main] o.apache.catalina.core.StandardService   : Starting service [Tomcat]
2018-03-12 16:57:16.072  INFO 1956 --- [main] org.apache.catalina.core.StandardEngine  : Starting Servlet Engine: Apache Tomcat/8.5.27
2018-03-12 16:57:16.171  INFO 1956 --- [localhost-startStop-1] o.a.c.c.C.[Tomcat].[localhost].[/]       : Initializing Spring embedded WebApplicationContext
2018-03-12 16:57:16.172  INFO 1956 --- [localhost-startStop-1] o.s.web.context.ContextLoader            : Root WebApplicationContext: initialization completed in 1212 ms
2018-03-12 16:57:16.314  INFO 1956 --- [localhost-startStop-1] o.s.b.w.servlet.FilterRegistrationBean   : Mapping filter: 'characterEncodingFilter' to: [/*]
2018-03-12 16:57:16.315  INFO 1956 --- [localhost-startStop-1] o.s.b.w.servlet.FilterRegistrationBean   : Mapping filter: 'hiddenHttpMethodFilter' to: [/*]
2018-03-12 16:57:16.315  INFO 1956 --- [localhost-startStop-1] o.s.b.w.servlet.FilterRegistrationBean   : Mapping filter: 'httpPutFormContentFilter' to: [/*]
2018-03-12 16:57:16.315  INFO 1956 --- [localhost-startStop-1] o.s.b.w.servlet.FilterRegistrationBean   : Mapping filter: 'requestContextFilter' to: [/*]
2018-03-12 16:57:16.316  INFO 1956 --- [localhost-startStop-1] .s.DelegatingFilterProxyRegistrationBean : Mapping filter: 'springSecurityFilterChain' to: [/*]
2018-03-12 16:57:16.317  INFO 1956 --- [localhost-startStop-1] o.s.b.w.servlet.ServletRegistrationBean  : Mapping servlet: 'dispatcherServlet' to [/]
2018-03-12 16:57:17.623  INFO 1956 --- [main] j.LocalContainerEntityManagerFactoryBean : Building JPA container EntityManagerFactory for persistence unit 'default'
2018-03-12 16:57:17.634  INFO 1956 --- [main] o.hibernate.jpa.internal.util.LogHelper  : HHH000204: Processing PersistenceUnitInfo [
	name: default
	...]
2018-03-12 16:57:17.689  INFO 1956 --- [main] org.hibernate.Version                    : HHH000412: Hibernate Core {5.0.12.Final}
2018-03-12 16:57:17.689  INFO 1956 --- [main] org.hibernate.cfg.Environment            : HHH000206: hibernate.properties not found
2018-03-12 16:57:17.691  INFO 1956 --- [main] org.hibernate.cfg.Environment            : HHH000021: Bytecode provider name : javassist
2018-03-12 16:57:17.729  INFO 1956 --- [main] o.hibernate.annotations.common.Version   : HCANN000001: Hibernate Commons Annotations {5.0.1.Final}
2018-03-12 16:57:17.851  INFO 1956 --- [main] org.hibernate.dialect.Dialect            : HHH000400: Using dialect: org.hibernate.dialect.HSQLDialect
2018-03-12 16:57:18.351  INFO 1956 --- [main] org.hibernate.tool.hbm2ddl.SchemaExport  : HHH000227: Running hbm2ddl schema export
2018-03-12 16:57:18.367  INFO 1956 --- [main] org.hibernate.tool.hbm2ddl.SchemaExport  : HHH000230: Schema export complete
2018-03-12 16:57:18.391  INFO 1956 --- [main] j.LocalContainerEntityManagerFactoryBean : Initialized JPA EntityManagerFactory for persistence unit 'default'
2018-03-12 16:57:18.559  INFO 1956 --- [main] o.h.h.i.QueryTranslatorFactoryInitiator  : HHH000397: Using ASTQueryTranslatorFactory
2018-03-12 16:57:20.166  INFO 1956 --- [main] o.s.s.web.DefaultSecurityFilterChain     : Creating filter chain: org.springframework.security.web.util.matcher.AnyRequestMatcher@1, [org.springframework.security.web.context.request.async.WebAsyncManagerIntegrationFilter@687eb455, org.springframework.security.web.context.SecurityContextPersistenceFilter@27ffd9f8, org.springframework.security.web.header.HeaderWriterFilter@799f354a, org.springframework.security.web.authentication.logout.LogoutFilter@33d230ce, org.springframework.security.web.authentication.UsernamePasswordAuthenticationFilter@6c07add6, org.springframework.security.web.savedrequest.RequestCacheAwareFilter@3ace6346, org.springframework.security.web.servletapi.SecurityContextHolderAwareRequestFilter@37b01ce2, org.springframework.security.web.authentication.AnonymousAuthenticationFilter@6d969330, org.springframework.security.web.session.SessionManagementFilter@159ac15f, org.springframework.security.web.access.ExceptionTranslationFilter@2e4eda17, org.springframework.security.web.access.intercept.FilterSecurityInterceptor@7f42b194]
2018-03-12 16:57:20.369  INFO 1956 --- [main] s.w.s.m.m.a.RequestMappingHandlerAdapter : Looking for @ControllerAdvice: org.springframework.boot.context.embedded.AnnotationConfigEmbeddedWebApplicationContext@16aa0a0a: startup date [Mon Mar 12 16:57:14 CET 2018]; root of context hierarchy
2018-03-12 16:57:20.419  INFO 1956 --- [main] s.w.s.m.m.a.RequestMappingHandlerMapping : Mapped "{[/friendship/listFriendship]}" onto public java.lang.String com.uniovi.controllers.FriendshipController.getListado(org.springframework.ui.Model,org.springframework.data.domain.Pageable,java.security.Principal)
2018-03-12 16:57:20.420  INFO 1956 --- [main] s.w.s.m.m.a.RequestMappingHandlerMapping : Mapped "{[/friendshipRequest/add/{id}]}" onto public java.lang.String com.uniovi.controllers.FriendshipRequestController.getFriendshipRequest(java.lang.Long,java.security.Principal)
2018-03-12 16:57:20.421  INFO 1956 --- [main] s.w.s.m.m.a.RequestMappingHandlerMapping : Mapped "{[/friendshipRequest/accept/{id}]}" onto public java.lang.String com.uniovi.controllers.FriendshipRequestController.acceptFriendshipRequest(java.lang.Long,java.security.Principal)
2018-03-12 16:57:20.421  INFO 1956 --- [main] s.w.s.m.m.a.RequestMappingHandlerMapping : Mapped "{[/friendshipRequest/listRequest]}" onto public java.lang.String com.uniovi.controllers.FriendshipRequestController.getListado(org.springframework.ui.Model,org.springframework.data.domain.Pageable,java.security.Principal)
2018-03-12 16:57:20.421  INFO 1956 --- [main] s.w.s.m.m.a.RequestMappingHandlerMapping : Mapped "{[/]}" onto public java.lang.String com.uniovi.controllers.HomeController.index()
2018-03-12 16:57:20.422  INFO 1956 --- [main] s.w.s.m.m.a.RequestMappingHandlerMapping : Mapped "{[/publication/listPosts]}" onto public java.lang.String com.uniovi.controllers.PublicationController.getListado(org.springframework.ui.Model,java.security.Principal)
2018-03-12 16:57:20.422  INFO 1956 --- [main] s.w.s.m.m.a.RequestMappingHandlerMapping : Mapped "{[/publication/details/{id}]}" onto public java.lang.String com.uniovi.controllers.PublicationController.getDetail(org.springframework.ui.Model,java.lang.Long)
2018-03-12 16:57:20.422  INFO 1956 --- [main] s.w.s.m.m.a.RequestMappingHandlerMapping : Mapped "{[/publication/add]}" onto public java.lang.String com.uniovi.controllers.PublicationController.getPublication(org.springframework.ui.Model)
2018-03-12 16:57:20.422  INFO 1956 --- [main] s.w.s.m.m.a.RequestMappingHandlerMapping : Mapped "{[/publication/add],methods=[POST]}" onto public java.lang.String com.uniovi.controllers.PublicationController.setPublication(com.uniovi.entities.Publication,java.security.Principal)
2018-03-12 16:57:20.423  INFO 1956 --- [main] s.w.s.m.m.a.RequestMappingHandlerMapping : Mapped "{[/home],methods=[GET]}" onto public java.lang.String com.uniovi.controllers.UsersController.home(org.springframework.ui.Model,org.springframework.data.domain.Pageable)
2018-03-12 16:57:20.423  INFO 1956 --- [main] s.w.s.m.m.a.RequestMappingHandlerMapping : Mapped "{[/user/listUsuarios]}" onto public java.lang.String com.uniovi.controllers.UsersController.getListado(org.springframework.ui.Model,java.lang.String,org.springframework.data.domain.Pageable,java.security.Principal)
2018-03-12 16:57:20.423  INFO 1956 --- [main] s.w.s.m.m.a.RequestMappingHandlerMapping : Mapped "{[/login],methods=[GET]}" onto public java.lang.String com.uniovi.controllers.UsersController.login(org.springframework.ui.Model)
2018-03-12 16:57:20.424  INFO 1956 --- [main] s.w.s.m.m.a.RequestMappingHandlerMapping : Mapped "{[/signup],methods=[POST]}" onto public java.lang.String com.uniovi.controllers.UsersController.signup(com.uniovi.entities.User,org.springframework.validation.BindingResult,org.springframework.ui.Model)
2018-03-12 16:57:20.424  INFO 1956 --- [main] s.w.s.m.m.a.RequestMappingHandlerMapping : Mapped "{[/signup],methods=[GET]}" onto public java.lang.String com.uniovi.controllers.UsersController.signup(org.springframework.ui.Model)
2018-03-12 16:57:20.428  INFO 1956 --- [main] s.w.s.m.m.a.RequestMappingHandlerMapping : Mapped "{[/error]}" onto public org.springframework.http.ResponseEntity<java.util.Map<java.lang.String, java.lang.Object>> org.springframework.boot.autoconfigure.web.BasicErrorController.error(javax.servlet.http.HttpServletRequest)
2018-03-12 16:57:20.428  INFO 1956 --- [main] s.w.s.m.m.a.RequestMappingHandlerMapping : Mapped "{[/error],produces=[text/html]}" onto public org.springframework.web.servlet.ModelAndView org.springframework.boot.autoconfigure.web.BasicErrorController.errorHtml(javax.servlet.http.HttpServletRequest,javax.servlet.http.HttpServletResponse)
2018-03-12 16:57:20.454  INFO 1956 --- [main] o.s.w.s.handler.SimpleUrlHandlerMapping  : Mapped URL path [/webjars/**] onto handler of type [class org.springframework.web.servlet.resource.ResourceHttpRequestHandler]
2018-03-12 16:57:20.454  INFO 1956 --- [main] o.s.w.s.handler.SimpleUrlHandlerMapping  : Mapped URL path [/**] onto handler of type [class org.springframework.web.servlet.resource.ResourceHttpRequestHandler]
2018-03-12 16:57:20.482  INFO 1956 --- [main] o.s.w.s.handler.SimpleUrlHandlerMapping  : Mapped URL path [/**/favicon.ico] onto handler of type [class org.springframework.web.servlet.resource.ResourceHttpRequestHandler]
2018-03-12 16:57:20.896  INFO 1956 --- [main] o.s.j.e.a.AnnotationMBeanExporter        : Registering beans for JMX exposure on startup
2018-03-12 16:57:20.942  INFO 1956 --- [main] s.b.c.e.t.TomcatEmbeddedServletContainer : Tomcat started on port(s): 8090 (http)
2018-03-12 16:57:20.946  INFO 1956 --- [main] com.uniovi.RedSocialSdiApplication       : Started RedSocialSdiApplication in 6.351 seconds (JVM running for 6.985)
2018-03-12 16:57:22.273  INFO 1956 --- [http-nio-8090-exec-1] o.a.c.c.C.[Tomcat].[localhost].[/]       : Initializing Spring FrameworkServlet 'dispatcherServlet'
2018-03-12 16:57:22.273  INFO 1956 --- [http-nio-8090-exec-1] o.s.web.servlet.DispatcherServlet        : FrameworkServlet 'dispatcherServlet': initialization started
2018-03-12 16:57:22.288  INFO 1956 --- [http-nio-8090-exec-1] o.s.web.servlet.DispatcherServlet        : FrameworkServlet 'dispatcherServlet': initialization completed in 14 ms
2018-03-12 16:58:01.152  INFO 1956 --- [RMI TCP Connection(2)-127.0.0.1] inMXBeanRegistrar$SpringApplicationAdmin : Application shutdown requested.
2018-03-12 16:58:01.153  INFO 1956 --- [RMI TCP Connection(2)-127.0.0.1] ationConfigEmbeddedWebApplicationContext : Closing org.springframework.boot.context.embedded.AnnotationConfigEmbeddedWebApplicationContext@16aa0a0a: startup date [Mon Mar 12 16:57:14 CET 2018]; root of context hierarchy
2018-03-12 16:58:01.155  INFO 1956 --- [RMI TCP Connection(2)-127.0.0.1] o.s.j.e.a.AnnotationMBeanExporter        : Unregistering JMX-exposed beans on shutdown
2018-03-12 16:58:01.157  INFO 1956 --- [RMI TCP Connection(2)-127.0.0.1] j.LocalContainerEntityManagerFactoryBean : Closing JPA EntityManagerFactory for persistence unit 'default'
2018-03-12 16:58:05.029  INFO 10620 --- [main] com.uniovi.RedSocialSdiApplication       : Starting RedSocialSdiApplication on DESKTOP-3MTQ74D with PID 10620 (C:\Users\gemma\Desktop\RedSocialSDI\RedSocialSDI\target\classes started by gemma in C:\Users\gemma\Desktop\RedSocialSDI\RedSocialSDI)
2018-03-12 16:58:05.031  INFO 10620 --- [main] com.uniovi.RedSocialSdiApplication       : No active profile set, falling back to default profiles: default
2018-03-12 16:58:05.251  INFO 10620 --- [main] ationConfigEmbeddedWebApplicationContext : Refreshing org.springframework.boot.context.embedded.AnnotationConfigEmbeddedWebApplicationContext@16aa0a0a: startup date [Mon Mar 12 16:58:05 CET 2018]; root of context hierarchy
2018-03-12 16:58:06.029  INFO 10620 --- [main] trationDelegate$BeanPostProcessorChecker : Bean 'org.springframework.transaction.annotation.ProxyTransactionManagementConfiguration' of type [org.springframework.transaction.annotation.ProxyTransactionManagementConfiguration$$EnhancerBySpringCGLIB$$9ada7e26] is not eligible for getting processed by all BeanPostProcessors (for example: not eligible for auto-proxying)
2018-03-12 16:58:06.324  INFO 10620 --- [main] s.b.c.e.t.TomcatEmbeddedServletContainer : Tomcat initialized with port(s): 8090 (http)
2018-03-12 16:58:06.334  INFO 10620 --- [main] o.apache.catalina.core.StandardService   : Starting service [Tomcat]
2018-03-12 16:58:06.334  INFO 10620 --- [main] org.apache.catalina.core.StandardEngine  : Starting Servlet Engine: Apache Tomcat/8.5.27
2018-03-12 16:58:06.430  INFO 10620 --- [localhost-startStop-1] o.a.c.c.C.[Tomcat].[localhost].[/]       : Initializing Spring embedded WebApplicationContext
2018-03-12 16:58:06.430  INFO 10620 --- [localhost-startStop-1] o.s.web.context.ContextLoader            : Root WebApplicationContext: initialization completed in 1182 ms
2018-03-12 16:58:06.567  INFO 10620 --- [localhost-startStop-1] o.s.b.w.servlet.FilterRegistrationBean   : Mapping filter: 'characterEncodingFilter' to: [/*]
2018-03-12 16:58:06.567  INFO 10620 --- [localhost-startStop-1] o.s.b.w.servlet.FilterRegistrationBean   : Mapping filter: 'hiddenHttpMethodFilter' to: [/*]
2018-03-12 16:58:06.567  INFO 10620 --- [localhost-startStop-1] o.s.b.w.servlet.FilterRegistrationBean   : Mapping filter: 'httpPutFormContentFilter' to: [/*]
2018-03-12 16:58:06.567  INFO 10620 --- [localhost-startStop-1] o.s.b.w.servlet.FilterRegistrationBean   : Mapping filter: 'requestContextFilter' to: [/*]
2018-03-12 16:58:06.568  INFO 10620 --- [localhost-startStop-1] .s.DelegatingFilterProxyRegistrationBean : Mapping filter: 'springSecurityFilterChain' to: [/*]
2018-03-12 16:58:06.570  INFO 10620 --- [localhost-startStop-1] o.s.b.w.servlet.ServletRegistrationBean  : Mapping servlet: 'dispatcherServlet' to [/]
2018-03-12 16:58:07.864  INFO 10620 --- [main] j.LocalContainerEntityManagerFactoryBean : Building JPA container EntityManagerFactory for persistence unit 'default'
2018-03-12 16:58:07.876  INFO 10620 --- [main] o.hibernate.jpa.internal.util.LogHelper  : HHH000204: Processing PersistenceUnitInfo [
	name: default
	...]
2018-03-12 16:58:07.929  INFO 10620 --- [main] org.hibernate.Version                    : HHH000412: Hibernate Core {5.0.12.Final}
2018-03-12 16:58:07.930  INFO 10620 --- [main] org.hibernate.cfg.Environment            : HHH000206: hibernate.properties not found
2018-03-12 16:58:07.931  INFO 10620 --- [main] org.hibernate.cfg.Environment            : HHH000021: Bytecode provider name : javassist
2018-03-12 16:58:07.965  INFO 10620 --- [main] o.hibernate.annotations.common.Version   : HCANN000001: Hibernate Commons Annotations {5.0.1.Final}
2018-03-12 16:58:08.065  INFO 10620 --- [main] org.hibernate.dialect.Dialect            : HHH000400: Using dialect: org.hibernate.dialect.HSQLDialect
2018-03-12 16:58:08.569  INFO 10620 --- [main] org.hibernate.tool.hbm2ddl.SchemaExport  : HHH000227: Running hbm2ddl schema export
2018-03-12 16:58:08.584  INFO 10620 --- [main] org.hibernate.tool.hbm2ddl.SchemaExport  : HHH000230: Schema export complete
2018-03-12 16:58:08.610  INFO 10620 --- [main] j.LocalContainerEntityManagerFactoryBean : Initialized JPA EntityManagerFactory for persistence unit 'default'
2018-03-12 16:58:08.780  INFO 10620 --- [main] o.h.h.i.QueryTranslatorFactoryInitiator  : HHH000397: Using ASTQueryTranslatorFactory
2018-03-12 16:58:11.307  INFO 10620 --- [main] o.s.s.web.DefaultSecurityFilterChain     : Creating filter chain: org.springframework.security.web.util.matcher.AnyRequestMatcher@1, [org.springframework.security.web.context.request.async.WebAsyncManagerIntegrationFilter@687eb455, org.springframework.security.web.context.SecurityContextPersistenceFilter@27ffd9f8, org.springframework.security.web.header.HeaderWriterFilter@799f354a, org.springframework.security.web.authentication.logout.LogoutFilter@33d230ce, org.springframework.security.web.authentication.UsernamePasswordAuthenticationFilter@6c07add6, org.springframework.security.web.savedrequest.RequestCacheAwareFilter@3ace6346, org.springframework.security.web.servletapi.SecurityContextHolderAwareRequestFilter@37b01ce2, org.springframework.security.web.authentication.AnonymousAuthenticationFilter@6d969330, org.springframework.security.web.session.SessionManagementFilter@159ac15f, org.springframework.security.web.access.ExceptionTranslationFilter@2e4eda17, org.springframework.security.web.access.intercept.FilterSecurityInterceptor@7f42b194]
2018-03-12 16:58:11.575  INFO 10620 --- [main] s.w.s.m.m.a.RequestMappingHandlerAdapter : Looking for @ControllerAdvice: org.springframework.boot.context.embedded.AnnotationConfigEmbeddedWebApplicationContext@16aa0a0a: startup date [Mon Mar 12 16:58:05 CET 2018]; root of context hierarchy
2018-03-12 16:58:11.654  INFO 10620 --- [main] s.w.s.m.m.a.RequestMappingHandlerMapping : Mapped "{[/friendship/listFriendship]}" onto public java.lang.String com.uniovi.controllers.FriendshipController.getListado(org.springframework.ui.Model,org.springframework.data.domain.Pageable,java.security.Principal)
2018-03-12 16:58:11.656  INFO 10620 --- [main] s.w.s.m.m.a.RequestMappingHandlerMapping : Mapped "{[/friendshipRequest/add/{id}]}" onto public java.lang.String com.uniovi.controllers.FriendshipRequestController.getFriendshipRequest(java.lang.Long,java.security.Principal)
2018-03-12 16:58:11.656  INFO 10620 --- [main] s.w.s.m.m.a.RequestMappingHandlerMapping : Mapped "{[/friendshipRequest/accept/{id}]}" onto public java.lang.String com.uniovi.controllers.FriendshipRequestController.acceptFriendshipRequest(java.lang.Long,java.security.Principal)
2018-03-12 16:58:11.657  INFO 10620 --- [main] s.w.s.m.m.a.RequestMappingHandlerMapping : Mapped "{[/friendshipRequest/listRequest]}" onto public java.lang.String com.uniovi.controllers.FriendshipRequestController.getListado(org.springframework.ui.Model,org.springframework.data.domain.Pageable,java.security.Principal)
2018-03-12 16:58:11.657  INFO 10620 --- [main] s.w.s.m.m.a.RequestMappingHandlerMapping : Mapped "{[/]}" onto public java.lang.String com.uniovi.controllers.HomeController.index()
2018-03-12 16:58:11.658  INFO 10620 --- [main] s.w.s.m.m.a.RequestMappingHandlerMapping : Mapped "{[/publication/add],methods=[POST]}" onto public java.lang.String com.uniovi.controllers.PublicationController.setPublication(com.uniovi.entities.Publication,java.security.Principal)
2018-03-12 16:58:11.659  INFO 10620 --- [main] s.w.s.m.m.a.RequestMappingHandlerMapping : Mapped "{[/publication/details/{id}]}" onto public java.lang.String com.uniovi.controllers.PublicationController.getDetail(org.springframework.ui.Model,java.lang.Long)
2018-03-12 16:58:11.659  INFO 10620 --- [main] s.w.s.m.m.a.RequestMappingHandlerMapping : Mapped "{[/publication/listPosts]}" onto public java.lang.String com.uniovi.controllers.PublicationController.getListado(org.springframework.ui.Model,java.security.Principal)
2018-03-12 16:58:11.659  INFO 10620 --- [main] s.w.s.m.m.a.RequestMappingHandlerMapping : Mapped "{[/publication/add]}" onto public java.lang.String com.uniovi.controllers.PublicationController.getPublication(org.springframework.ui.Model)
2018-03-12 16:58:11.660  INFO 10620 --- [main] s.w.s.m.m.a.RequestMappingHandlerMapping : Mapped "{[/home],methods=[GET]}" onto public java.lang.String com.uniovi.controllers.UsersController.home(org.springframework.ui.Model,org.springframework.data.domain.Pageable)
2018-03-12 16:58:11.661  INFO 10620 --- [main] s.w.s.m.m.a.RequestMappingHandlerMapping : Mapped "{[/user/listUsuarios]}" onto public java.lang.String com.uniovi.controllers.UsersController.getListado(org.springframework.ui.Model,java.lang.String,org.springframework.data.domain.Pageable,java.security.Principal)
2018-03-12 16:58:11.661  INFO 10620 --- [main] s.w.s.m.m.a.RequestMappingHandlerMapping : Mapped "{[/signup],methods=[POST]}" onto public java.lang.String com.uniovi.controllers.UsersController.signup(com.uniovi.entities.User,org.springframework.validation.BindingResult,org.springframework.ui.Model)
2018-03-12 16:58:11.662  INFO 10620 --- [main] s.w.s.m.m.a.RequestMappingHandlerMapping : Mapped "{[/signup],methods=[GET]}" onto public java.lang.String com.uniovi.controllers.UsersController.signup(org.springframework.ui.Model)
2018-03-12 16:58:11.662  INFO 10620 --- [main] s.w.s.m.m.a.RequestMappingHandlerMapping : Mapped "{[/login],methods=[GET]}" onto public java.lang.String com.uniovi.controllers.UsersController.login(org.springframework.ui.Model)
2018-03-12 16:58:11.668  INFO 10620 --- [main] s.w.s.m.m.a.RequestMappingHandlerMapping : Mapped "{[/error]}" onto public org.springframework.http.ResponseEntity<java.util.Map<java.lang.String, java.lang.Object>> org.springframework.boot.autoconfigure.web.BasicErrorController.error(javax.servlet.http.HttpServletRequest)
2018-03-12 16:58:11.668  INFO 10620 --- [main] s.w.s.m.m.a.RequestMappingHandlerMapping : Mapped "{[/error],produces=[text/html]}" onto public org.springframework.web.servlet.ModelAndView org.springframework.boot.autoconfigure.web.BasicErrorController.errorHtml(javax.servlet.http.HttpServletRequest,javax.servlet.http.HttpServletResponse)
2018-03-12 16:58:11.703  INFO 10620 --- [main] o.s.w.s.handler.SimpleUrlHandlerMapping  : Mapped URL path [/webjars/**] onto handler of type [class org.springframework.web.servlet.resource.ResourceHttpRequestHandler]
2018-03-12 16:58:11.704  INFO 10620 --- [main] o.s.w.s.handler.SimpleUrlHandlerMapping  : Mapped URL path [/**] onto handler of type [class org.springframework.web.servlet.resource.ResourceHttpRequestHandler]
2018-03-12 16:58:11.732  INFO 10620 --- [main] o.s.w.s.handler.SimpleUrlHandlerMapping  : Mapped URL path [/**/favicon.ico] onto handler of type [class org.springframework.web.servlet.resource.ResourceHttpRequestHandler]
2018-03-12 16:58:12.141  INFO 10620 --- [main] o.s.j.e.a.AnnotationMBeanExporter        : Registering beans for JMX exposure on startup
2018-03-12 16:58:12.186  INFO 10620 --- [main] s.b.c.e.t.TomcatEmbeddedServletContainer : Tomcat started on port(s): 8090 (http)
2018-03-12 16:58:12.190  INFO 10620 --- [main] com.uniovi.RedSocialSdiApplication       : Started RedSocialSdiApplication in 7.344 seconds (JVM running for 7.949)
2018-03-12 16:58:43.720  INFO 10620 --- [http-nio-8090-exec-1] o.a.c.c.C.[Tomcat].[localhost].[/]       : Initializing Spring FrameworkServlet 'dispatcherServlet'
2018-03-12 16:58:43.720  INFO 10620 --- [http-nio-8090-exec-1] o.s.web.servlet.DispatcherServlet        : FrameworkServlet 'dispatcherServlet': initialization started
2018-03-12 16:58:43.743  INFO 10620 --- [http-nio-8090-exec-1] o.s.web.servlet.DispatcherServlet        : FrameworkServlet 'dispatcherServlet': initialization completed in 22 ms
2018-03-12 16:58:46.892  INFO 10620 --- [http-nio-8090-exec-8] com.uniovi.controllers.UsersController   : El usuario email1ha consultado la lista de usuarios
